<?xml version="1.0" encoding="UTF-8"?>
<!-- Generated by org.testng.reporters.JUnitReportReporter -->
<testsuite hostname="DESKTOP-SV9CFRI" failures="0" tests="1" name="com.herokuapp.theinternet.dropdowntests.DropdownTest" time="23.391" errors="0" timestamp="2023-08-27T11:41:12 IST" skipped="0">
  <testcase classname="com.herokuapp.theinternet.dropdowntests.DropdownTest" name="optionTwoTest" time="23.391"/>
</testsuite> <!-- com.herokuapp.theinternet.dropdowntests.DropdownTest -->
